Сборка начата 05.12.2023 18:23:08.
Уровень детализации журнала: Normal.     1>Проект "D:\later github\index.html\ОАИП\main.cpp\oh my god\laba15\7(2 под вопросом)\7-2 popitka\7-2 popitka.vcxproj" в узле 2 (целевые объекты Build).
     1>PrepareForBuild:
         Создание каталога "x64\Debug\7-2 popitka.tlog\".
       InitializeBuildStatus:
         Создание "x64\Debug\7-2 popitka.tlog\unsuccessfulbuild", так как было задано "AlwaysCreate".
         Обращение к "x64\Debug\7-2 popitka.tlog\unsuccessfulbuild".
       ClCompile:
         C:\Program Files\Microsoft Visual Studio\2022\Community\VC\Tools\MSVC\14.37.32822\bin\HostX64\x64\CL.exe /c /ZI /JMC /nologo /W3 /WX- /diagnostics:column /sdl /Od /D _DEBUG /D _CONSOLE /D _UNICODE /D UNICODE /Gm- /EHsc /RTC1 /MDd /GS /fp:precise /Zc:wchar_t /Zc:forScope /Zc:inline /permissive- /Fo"x64\Debug\\" /Fd"x64\Debug\vc143.pdb" /external:W3 /Gd /TP /FC /errorReport:prompt "7-2 popitka.cpp"
         7-2 popitka.cpp
     1>D:\later github\index.html\ОАИП\main.cpp\oh my god\laba15\7(2 под вопросом)\7-2 popitka\7-2 popitka.cpp(1,10): warning C4067: непредвиденные лексемы за директивой препроцессора, требуется newline
       Link:
         C:\Program Files\Microsoft Visual Studio\2022\Community\VC\Tools\MSVC\14.37.32822\bin\HostX64\x64\link.exe /ERRORREPORT:PROMPT /OUT:"D:\later github\index.html\ОАИП\main.cpp\oh my god\laba15\7(2 под вопросом)\7-2 popitka\x64\Debug\7-2 popitka.exe" /INCREMENTAL /ILK:"x64\Debug\7-2 popitka.ilk" /NOLOGO kernel32.lib user32.lib gdi32.lib winspool.lib comdlg32.lib advapi32.lib shell32.lib ole32.lib oleaut32.lib uuid.lib odbc32.lib odbccp32.lib /MANIFEST /MANIFESTUAC:"level='asInvoker' uiAccess='false'" /manifest:embed /DEBUG /PDB:"D:\later github\index.html\ОАИП\main.cpp\oh my god\laba15\7(2 под вопросом)\7-2 popitka\x64\Debug\7-2 popitka.pdb" /SUBSYSTEM:CONSOLE /TLBID:1 /DYNAMICBASE /NXCOMPAT /IMPLIB:"D:\later github\index.html\ОАИП\main.cpp\oh my god\laba15\7(2 под вопросом)\7-2 popitka\x64\Debug\7-2 popitka.lib" /MACHINE:X64 "x64\Debug\7-2 popitka.obj"
         7-2 popitka.vcxproj -> D:\later github\index.html\ОАИП\main.cpp\oh my god\laba15\7(2 под вопросом)\7-2 popitka\x64\Debug\7-2 popitka.exe
       FinalizeBuildStatus:
         Файл "x64\Debug\7-2 popitka.tlog\unsuccessfulbuild" удаляется.
         Обращение к "x64\Debug\7-2 popitka.tlog\7-2 popitka.lastbuildstate".
     1>Сборка проекта "D:\later github\index.html\ОАИП\main.cpp\oh my god\laba15\7(2 под вопросом)\7-2 popitka\7-2 popitka.vcxproj" завершена (целевые объекты Build).

Сборка успешно завершена.

       "D:\later github\index.html\ОАИП\main.cpp\oh my god\laba15\7(2 под вопросом)\7-2 popitka\7-2 popitka.vcxproj" (целевой объект Build ) (1) ->
       (Целевой объект ClCompile) -> 
         D:\later github\index.html\ОАИП\main.cpp\oh my god\laba15\7(2 под вопросом)\7-2 popitka\7-2 popitka.cpp(1,10): warning C4067: непредвиденные лексемы за директивой препроцессора, требуется newline

    Предупреждений: 1
    Ошибок: 0

Прошло времени 00:00:02.47
