Сборка начата 09.12.2023 10:05:26.
Уровень детализации журнала: Normal.     1>Проект "D:\later github\index.html\ОАИП\main.cpp\oh my god\laba16\13\13.vcxproj" в узле 2 (целевые объекты Build).
     1>InitializeBuildStatus:
         Создание "x64\Debug\13.tlog\unsuccessfulbuild", так как было задано "AlwaysCreate".
         Обращение к "x64\Debug\13.tlog\unsuccessfulbuild".
       ClCompile:
         C:\Program Files\Microsoft Visual Studio\2022\Community\VC\Tools\MSVC\14.37.32822\bin\HostX64\x64\CL.exe /c /ZI /JMC /nologo /W3 /WX- /diagnostics:column /sdl /Od /D _DEBUG /D _CONSOLE /D _UNICODE /D UNICODE /Gm- /EHsc /RTC1 /MDd /GS /fp:precise /Zc:wchar_t /Zc:forScope /Zc:inline /permissive- /Fo"x64\Debug\\" /Fd"x64\Debug\vc143.pdb" /external:W3 /Gd /TP /FC /errorReport:prompt 13.cpp
         13.cpp
     1>D:\later github\index.html\ОАИП\main.cpp\oh my god\laba16\13\13.cpp(73,28): warning C4267: =: преобразование из "size_t" в "int"; возможна потеря данных
     1>D:\later github\index.html\ОАИП\main.cpp\oh my god\laba16\13\13.cpp(76,11): warning C4267: =: преобразование из "size_t" в "int"; возможна потеря данных
       Link:
         C:\Program Files\Microsoft Visual Studio\2022\Community\VC\Tools\MSVC\14.37.32822\bin\HostX64\x64\link.exe /ERRORREPORT:PROMPT /OUT:"D:\later github\index.html\ОАИП\main.cpp\oh my god\laba16\13\x64\Debug\13.exe" /INCREMENTAL /ILK:"x64\Debug\13.ilk" /NOLOGO kernel32.lib user32.lib gdi32.lib winspool.lib comdlg32.lib advapi32.lib shell32.lib ole32.lib oleaut32.lib uuid.lib odbc32.lib odbccp32.lib /MANIFEST /MANIFESTUAC:"level='asInvoker' uiAccess='false'" /manifest:embed /DEBUG /PDB:"D:\later github\index.html\ОАИП\main.cpp\oh my god\laba16\13\x64\Debug\13.pdb" /SUBSYSTEM:CONSOLE /TLBID:1 /DYNAMICBASE /NXCOMPAT /IMPLIB:"D:\later github\index.html\ОАИП\main.cpp\oh my god\laba16\13\x64\Debug\13.lib" /MACHINE:X64 x64\Debug\13.obj
         13.vcxproj -> D:\later github\index.html\ОАИП\main.cpp\oh my god\laba16\13\x64\Debug\13.exe
       FinalizeBuildStatus:
         Файл "x64\Debug\13.tlog\unsuccessfulbuild" удаляется.
         Обращение к "x64\Debug\13.tlog\13.lastbuildstate".
     1>Сборка проекта "D:\later github\index.html\ОАИП\main.cpp\oh my god\laba16\13\13.vcxproj" завершена (целевые объекты Build).

Сборка успешно завершена.

       "D:\later github\index.html\ОАИП\main.cpp\oh my god\laba16\13\13.vcxproj" (целевой объект Build ) (1) ->
       (Целевой объект ClCompile) -> 
         D:\later github\index.html\ОАИП\main.cpp\oh my god\laba16\13\13.cpp(73,28): warning C4267: =: преобразование из "size_t" в "int"; возможна потеря данных
         D:\later github\index.html\ОАИП\main.cpp\oh my god\laba16\13\13.cpp(76,11): warning C4267: =: преобразование из "size_t" в "int"; возможна потеря данных

    Предупреждений: 2
    Ошибок: 0

Прошло времени 00:00:02.20
